生成启动时间为 2013/3/21 18:57:04。
     1>项目“D:\DS_code\chapter6\chapter6\chapter6.vcxproj”在节点 2 上(build 个目标)。
     1>InitializeBuildStatus:
         正在对“Debug\chapter6.unsuccessfulbuild”执行 Touch 任务。
       ClCompile:
         C:\Program Files (x86)\Microsoft Visual Studio 10.0\VC\bin\CL.exe /c /ZI /nologo /W3 /WX- /Od /Oy- /D WIN32 /D _DEBUG /D _CONSOLE /D _UNICODE /D UNICODE /Gm /EHsc /RTC1 /MDd /GS /fp:precise /Zc:wchar_t /Zc:forScope /Fo"Debug\\" /Fd"Debug\vc100.pdb" /Gd /TP /analyze- /errorReport:prompt practice.cpp
         practice.cpp
     1>d:\ds_code\chapter6\chapter6\practice.cpp(14): warning C4996: 'scanf': This function or variable may be unsafe. Consider using scanf_s instead. To disable deprecation, use _CRT_SECURE_NO_WARNINGS. See online help for details.
                 c:\program files (x86)\microsoft visual studio 10.0\vc\include\stdio.h(304) : 参见“scanf”的声明
     1>d:\ds_code\chapter6\chapter6\practice.cpp(41): warning C4101: “pre”: 未引用的局部变量
       ManifestResourceCompile:
         所有输出均为最新。
       Link:
         C:\Program Files (x86)\Microsoft Visual Studio 10.0\VC\bin\link.exe /ERRORREPORT:PROMPT /OUT:"D:\DS_code\chapter6\Debug\chapter6.exe" /INCREMENTAL /NOLOGO kernel32.lib user32.lib gdi32.lib winspool.lib comdlg32.lib advapi32.lib shell32.lib ole32.lib oleaut32.lib uuid.lib odbc32.lib odbccp32.lib /MANIFEST /ManifestFile:"Debug\chapter6.exe.intermediate.manifest" /MANIFESTUAC:"level='asInvoker' uiAccess='false'" /DEBUG /PDB:"D:\DS_code\chapter6\Debug\chapter6.pdb" /SUBSYSTEM:CONSOLE /TLBID:1 /DYNAMICBASE /NXCOMPAT /IMPLIB:"D:\DS_code\chapter6\Debug\chapter6.lib" /MACHINE:X86 Debug\chapter6.exe.embed.manifest.res
         Debug\huffman_tree.obj
         Debug\main.obj
         Debug\mfset.obj
         Debug\practice.obj
         Debug\ptree.obj
         Debug\queue.obj
         Debug\stack.obj
         Debug\thread_tree.obj
         Debug\tree.obj
         Debug\trial.obj
       Manifest:
         C:\Program Files (x86)\Microsoft SDKs\Windows\v7.0A\bin\mt.exe /nologo /verbose /out:"Debug\chapter6.exe.embed.manifest" /manifest Debug\chapter6.exe.intermediate.manifest
         所有输出均为最新。
       LinkEmbedManifest:
         所有输出均为最新。
         chapter6.vcxproj -> D:\DS_code\chapter6\Debug\chapter6.exe
       FinalizeBuildStatus:
         正在删除文件“Debug\chapter6.unsuccessfulbuild”。
         正在对“Debug\chapter6.lastbuildstate”执行 Touch 任务。
     1>已完成生成项目“D:\DS_code\chapter6\chapter6\chapter6.vcxproj”(build 个目标)的操作。

生成成功。

已用时间 00:00:00.76
