生成启动时间为 2013/3/14 23:03:13。
     1>项目“D:\DS_code\chapter5\chapter5\chapter5.vcxproj”在节点 2 上(build 个目标)。
     1>InitializeBuildStatus:
         正在创建“Debug\chapter5.unsuccessfulbuild”，因为已指定“AlwaysCreate”。
       ClCompile:
         C:\Program Files (x86)\Microsoft Visual Studio 10.0\VC\bin\CL.exe /c /ZI /nologo /W3 /WX- /Od /Oy- /D WIN32 /D _DEBUG /D _CONSOLE /D _UNICODE /D UNICODE /Gm /EHsc /RTC1 /MDd /GS /fp:precise /Zc:wchar_t /Zc:forScope /Fo"Debug\\" /Fd"Debug\vc100.pdb" /Gd /TP /analyze- /errorReport:prompt array.cpp
         array.cpp
       ManifestResourceCompile:
         所有输出均为最新。
       Link:
         C:\Program Files (x86)\Microsoft Visual Studio 10.0\VC\bin\link.exe /ERRORREPORT:PROMPT /OUT:"D:\DS_code\chapter5\Debug\chapter5.exe" /INCREMENTAL /NOLOGO kernel32.lib user32.lib gdi32.lib winspool.lib comdlg32.lib advapi32.lib shell32.lib ole32.lib oleaut32.lib uuid.lib odbc32.lib odbccp32.lib /MANIFEST /ManifestFile:"Debug\chapter5.exe.intermediate.manifest" /MANIFESTUAC:"level='asInvoker' uiAccess='false'" /DEBUG /PDB:"D:\DS_code\chapter5\Debug\chapter5.pdb" /SUBSYSTEM:CONSOLE /TLBID:1 /DYNAMICBASE /NXCOMPAT /IMPLIB:"D:\DS_code\chapter5\Debug\chapter5.lib" /MACHINE:X86 Debug\chapter5.exe.embed.manifest.res
         Debug\array.obj
         Debug\main.obj
       Manifest:
         C:\Program Files (x86)\Microsoft SDKs\Windows\v7.0A\bin\mt.exe /nologo /verbose /out:"Debug\chapter5.exe.embed.manifest" /manifest Debug\chapter5.exe.intermediate.manifest
         所有输出均为最新。
       LinkEmbedManifest:
         所有输出均为最新。
         chapter5.vcxproj -> D:\DS_code\chapter5\Debug\chapter5.exe
       FinalizeBuildStatus:
         正在删除文件“Debug\chapter5.unsuccessfulbuild”。
         正在对“Debug\chapter5.lastbuildstate”执行 Touch 任务。
     1>已完成生成项目“D:\DS_code\chapter5\chapter5\chapter5.vcxproj”(build 个目标)的操作。

生成成功。

已用时间 00:00:00.96
