生成启动时间为 2013/3/14 12:32:16。
     1>项目“D:\DS_code\chapter4\chapter4\chapter4.vcxproj”在节点 2 上(build 个目标)。
     1>InitializeBuildStatus:
         正在创建“Debug\chapter4.unsuccessfulbuild”，因为已指定“AlwaysCreate”。
       ClCompile:
         C:\Program Files (x86)\Microsoft Visual Studio 10.0\VC\bin\CL.exe /c /ZI /nologo /W3 /WX- /Od /Oy- /D WIN32 /D _DEBUG /D _CONSOLE /D _UNICODE /D UNICODE /Gm /EHsc /RTC1 /MDd /GS /fp:precise /Zc:wchar_t /Zc:forScope /Fo"Debug\\" /Fd"Debug\vc100.pdb" /Gd /TP /analyze- /errorReport:prompt algorithm.cpp main.cpp sstring.cpp
         algorithm.cpp
         正在生成代码...
         正在编译...
         sstring.cpp
     1>d:\ds_code\chapter4\chapter4\sstring.cpp(229): warning C4101: “j”: 未引用的局部变量
         main.cpp
     1>d:\ds_code\chapter4\chapter4\main.cpp(8): warning C4101: “T”: 未引用的局部变量
     1>d:\ds_code\chapter4\chapter4\main.cpp(8): warning C4101: “Sub”: 未引用的局部变量
         正在生成代码...
       ManifestResourceCompile:
         所有输出均为最新。
       Link:
         C:\Program Files (x86)\Microsoft Visual Studio 10.0\VC\bin\link.exe /ERRORREPORT:PROMPT /OUT:"D:\DS_code\chapter4\Debug\chapter4.exe" /INCREMENTAL /NOLOGO kernel32.lib user32.lib gdi32.lib winspool.lib comdlg32.lib advapi32.lib shell32.lib ole32.lib oleaut32.lib uuid.lib odbc32.lib odbccp32.lib /MANIFEST /ManifestFile:"Debug\chapter4.exe.intermediate.manifest" /MANIFESTUAC:"level='asInvoker' uiAccess='false'" /DEBUG /PDB:"D:\DS_code\chapter4\Debug\chapter4.pdb" /SUBSYSTEM:CONSOLE /TLBID:1 /DYNAMICBASE /NXCOMPAT /IMPLIB:"D:\DS_code\chapter4\Debug\chapter4.lib" /MACHINE:X86 Debug\chapter4.exe.embed.manifest.res
         Debug\algorithm.obj
         Debug\main.obj
         Debug\sstring.obj
       Manifest:
         C:\Program Files (x86)\Microsoft SDKs\Windows\v7.0A\bin\mt.exe /nologo /verbose /out:"Debug\chapter4.exe.embed.manifest" /manifest Debug\chapter4.exe.intermediate.manifest
         所有输出均为最新。
       LinkEmbedManifest:
         所有输出均为最新。
         chapter4.vcxproj -> D:\DS_code\chapter4\Debug\chapter4.exe
       FinalizeBuildStatus:
         正在删除文件“Debug\chapter4.unsuccessfulbuild”。
         正在对“Debug\chapter4.lastbuildstate”执行 Touch 任务。
     1>已完成生成项目“D:\DS_code\chapter4\chapter4\chapter4.vcxproj”(build 个目标)的操作。

生成成功。

已用时间 00:00:01.30
