Build started 2013/4/26 23:18:17.
     1>Project "D:\DS_code\chapter10\chapter10\chapter10.vcxproj" on node 2 (build target(s)).
     1>InitializeBuildStatus:
         Creating "Debug\chapter10.unsuccessfulbuild" because "AlwaysCreate" was specified.
       ClCompile:
         C:\Program Files (x86)\Microsoft Visual Studio 10.0\VC\bin\CL.exe /c /ZI /nologo /W3 /WX- /Od /Oy- /D WIN32 /D _DEBUG /D _CONSOLE /D _UNICODE /D UNICODE /Gm /EHsc /RTC1 /MDd /GS /fp:precise /Zc:wchar_t /Zc:forScope /Fo"Debug\\" /Fd"Debug\vc100.pdb" /Gd /TP /analyze- /errorReport:prompt main.cpp
         main.cpp
     1>d:\ds_code\chapter10\chapter10\main.cpp(18): warning C4996: 'scanf': This function or variable may be unsafe. Consider using scanf_s instead. To disable deprecation, use _CRT_SECURE_NO_WARNINGS. See online help for details.
                 c:\program files (x86)\microsoft visual studio 10.0\vc\include\stdio.h(304) : see declaration of 'scanf'
     1>d:\ds_code\chapter10\chapter10\main.cpp(20): warning C4244: '*=' : conversion from 'double' to 'float', possible loss of data
     1>d:\ds_code\chapter10\chapter10\main.cpp(15): warning C4101: 's' : unreferenced local variable
       ManifestResourceCompile:
         All outputs are up-to-date.
       Link:
         C:\Program Files (x86)\Microsoft Visual Studio 10.0\VC\bin\link.exe /ERRORREPORT:PROMPT /OUT:"D:\DS_code\chapter10\Debug\chapter10.exe" /INCREMENTAL /NOLOGO kernel32.lib user32.lib gdi32.lib winspool.lib comdlg32.lib advapi32.lib shell32.lib ole32.lib oleaut32.lib uuid.lib odbc32.lib odbccp32.lib /MANIFEST /ManifestFile:"Debug\chapter10.exe.intermediate.manifest" /MANIFESTUAC:"level='asInvoker' uiAccess='false'" /DEBUG /PDB:"D:\DS_code\chapter10\Debug\chapter10.pdb" /SUBSYSTEM:CONSOLE /TLBID:1 /DYNAMICBASE /NXCOMPAT /IMPLIB:"D:\DS_code\chapter10\Debug\chapter10.lib" /MACHINE:X86 Debug\chapter10.exe.embed.manifest.res
         Debug\insert_sort.obj
         Debug\main.obj
         Debug\merging_sort.obj
         Debug\quick_sort.obj
         Debug\radix_sort.obj
         Debug\select_sort.obj
         Debug\sqlist.obj
       Manifest:
         C:\Program Files (x86)\Microsoft SDKs\Windows\v7.0A\bin\mt.exe /nologo /verbose /out:"Debug\chapter10.exe.embed.manifest" /manifest Debug\chapter10.exe.intermediate.manifest
         All outputs are up-to-date.
       LinkEmbedManifest:
         All outputs are up-to-date.
         chapter10.vcxproj -> D:\DS_code\chapter10\Debug\chapter10.exe
       FinalizeBuildStatus:
         Deleting file "Debug\chapter10.unsuccessfulbuild".
         Touching "Debug\chapter10.lastbuildstate".
     1>Done Building Project "D:\DS_code\chapter10\chapter10\chapter10.vcxproj" (build target(s)).

Build succeeded.

Time Elapsed 00:00:00.53
